2024-09-16T17:16:35.170 [HikariPool-2 housekeeper] WARN c.z.h.p.HikariPool - HikariPool-2 - Thread starvation or clock leap detected (housekeeper delta=1d1h23m8s176ms387µs700ns). 
2024-09-16T17:20:56.385 [File Watcher] INFO o.s.b.d.a.LocalDevToolsAutoConfiguration$RestartingClassPathChangeChangedEventListener - Restarting due to 1 class path change (0 additions, 0 deletions, 1 modification) 
2024-09-16T17:20:56.387 [Thread-11] INFO o.a.c.h.Http11NioProtocol - Stopping ProtocolHandler ["http-nio-8080"] 
2024-09-16T17:20:56.464 [Thread-11] INFO c.z.h.HikariDataSource - HikariPool-2 - Shutdown initiated... 
2024-09-16T17:20:56.480 [Thread-11] INFO c.z.h.HikariDataSource - HikariPool-2 - Shutdown completed. 
2024-09-16T17:20:56.533 [restartedMain] INFO c.b.BearsApplication - Starting BearsApplication using Java 17.0.11 with PID 19220 (C:\factory\ws_sts4_4240\repo_bears\bears\bin\main started by user in C:\factory\ws_sts4_4240\repo_bears\bears) 
2024-09-16T17:20:56.533 [restartedMain] INFO c.b.BearsApplication - No active profile set, falling back to 1 default profile: "default" 
2024-09-16T17:20:56.704 [restartedMain] INFO o.s.b.w.e.t.TomcatWebServer - Tomcat initialized with port 8080 (http) 
2024-09-16T17:20:56.705 [restartedMain] INFO o.a.c.h.Http11NioProtocol - Initializing ProtocolHandler ["http-nio-8080"] 
2024-09-16T17:20:56.705 [restartedMain] INFO o.a.c.c.StandardService - Starting service [Tomcat] 
2024-09-16T17:20:56.705 [restartedMain] INFO o.a.c.c.StandardEngine - Starting Servlet engine: [Apache Tomcat/10.1.28] 
2024-09-16T17:20:56.716 [restartedMain] INFO o.a.c.c.C.[.[.[/] - Initializing Spring embedded WebApplicationContext 
2024-09-16T17:20:56.716 [restartedMain] INFO o.s.b.w.s.c.ServletWebServerApplicationContext - Root WebApplicationContext: initialization completed in 181 ms 
2024-09-16T17:20:56.849 [restartedMain] INFO o.s.b.d.a.OptionalLiveReloadServer - LiveReload server is running on port 35729 
2024-09-16T17:20:56.858 [restartedMain] INFO o.a.c.h.Http11NioProtocol - Starting ProtocolHandler ["http-nio-8080"] 
2024-09-16T17:20:56.861 [restartedMain] INFO o.s.b.w.e.t.TomcatWebServer - Tomcat started on port 8080 (http) with context path '/' 
2024-09-16T17:20:56.867 [restartedMain] INFO c.b.BearsApplication - Started BearsApplication in 0.355 seconds (process running for 93895.5) 
2024-09-16T17:20:56.869 [restartedMain] INFO o.s.b.d.a.ConditionEvaluationDeltaLoggingListener - Condition evaluation unchanged 
2024-09-16T17:21:38.627 [File Watcher] INFO o.s.b.d.a.LocalDevToolsAutoConfiguration$RestartingClassPathChangeChangedEventListener - Restarting due to 1 class path change (0 additions, 0 deletions, 1 modification) 
2024-09-16T17:21:38.628 [Thread-15] INFO o.a.c.h.Http11NioProtocol - Stopping ProtocolHandler ["http-nio-8080"] 
2024-09-16T17:21:38.752 [restartedMain] INFO c.b.BearsApplication - Starting BearsApplication using Java 17.0.11 with PID 19220 (C:\factory\ws_sts4_4240\repo_bears\bears\bin\main started by user in C:\factory\ws_sts4_4240\repo_bears\bears) 
2024-09-16T17:21:38.752 [restartedMain] INFO c.b.BearsApplication - No active profile set, falling back to 1 default profile: "default" 
2024-09-16T17:21:38.919 [restartedMain] INFO o.s.b.w.e.t.TomcatWebServer - Tomcat initialized with port 8080 (http) 
2024-09-16T17:21:38.919 [restartedMain] INFO o.a.c.h.Http11NioProtocol - Initializing ProtocolHandler ["http-nio-8080"] 
2024-09-16T17:21:38.920 [restartedMain] INFO o.a.c.c.StandardService - Starting service [Tomcat] 
2024-09-16T17:21:38.920 [restartedMain] INFO o.a.c.c.StandardEngine - Starting Servlet engine: [Apache Tomcat/10.1.28] 
2024-09-16T17:21:38.930 [restartedMain] INFO o.a.c.c.C.[.[.[/] - Initializing Spring embedded WebApplicationContext 
2024-09-16T17:21:38.930 [restartedMain] INFO o.s.b.w.s.c.ServletWebServerApplicationContext - Root WebApplicationContext: initialization completed in 177 ms 
2024-09-16T17:21:39.043 [restartedMain] INFO o.s.b.d.a.OptionalLiveReloadServer - LiveReload server is running on port 35729 
2024-09-16T17:21:39.047 [restartedMain] INFO o.a.c.h.Http11NioProtocol - Starting ProtocolHandler ["http-nio-8080"] 
2024-09-16T17:21:39.060 [restartedMain] INFO o.s.b.w.e.t.TomcatWebServer - Tomcat started on port 8080 (http) with context path '/' 
2024-09-16T17:21:39.065 [restartedMain] INFO c.b.BearsApplication - Started BearsApplication in 0.331 seconds (process running for 93937.698) 
2024-09-16T17:21:39.067 [restartedMain] INFO o.s.b.d.a.ConditionEvaluationDeltaLoggingListener - Condition evaluation unchanged 
2024-09-16T17:21:45.843 [File Watcher] INFO o.s.b.d.a.LocalDevToolsAutoConfiguration$RestartingClassPathChangeChangedEventListener - Restarting due to 1 class path change (0 additions, 0 deletions, 1 modification) 
2024-09-16T17:21:45.844 [Thread-19] INFO o.a.c.h.Http11NioProtocol - Stopping ProtocolHandler ["http-nio-8080"] 
2024-09-16T17:21:45.968 [restartedMain] INFO c.b.BearsApplication - Starting BearsApplication using Java 17.0.11 with PID 19220 (C:\factory\ws_sts4_4240\repo_bears\bears\bin\main started by user in C:\factory\ws_sts4_4240\repo_bears\bears) 
2024-09-16T17:21:45.968 [restartedMain] INFO c.b.BearsApplication - No active profile set, falling back to 1 default profile: "default" 
2024-09-16T17:21:46.115 [restartedMain] INFO o.s.b.w.e.t.TomcatWebServer - Tomcat initialized with port 8080 (http) 
2024-09-16T17:21:46.116 [restartedMain] INFO o.a.c.h.Http11NioProtocol - Initializing ProtocolHandler ["http-nio-8080"] 
2024-09-16T17:21:46.116 [restartedMain] INFO o.a.c.c.StandardService - Starting service [Tomcat] 
2024-09-16T17:21:46.116 [restartedMain] INFO o.a.c.c.StandardEngine - Starting Servlet engine: [Apache Tomcat/10.1.28] 
2024-09-16T17:21:46.125 [restartedMain] INFO o.a.c.c.C.[.[.[/] - Initializing Spring embedded WebApplicationContext 
2024-09-16T17:21:46.125 [restartedMain] INFO o.s.b.w.s.c.ServletWebServerApplicationContext - Root WebApplicationContext: initialization completed in 155 ms 
2024-09-16T17:21:46.226 [restartedMain] INFO o.s.b.d.a.OptionalLiveReloadServer - LiveReload server is running on port 35729 
2024-09-16T17:21:46.233 [restartedMain] INFO o.a.c.h.Http11NioProtocol - Starting ProtocolHandler ["http-nio-8080"] 
2024-09-16T17:21:46.235 [restartedMain] INFO o.s.b.w.e.t.TomcatWebServer - Tomcat started on port 8080 (http) with context path '/' 
2024-09-16T17:21:46.244 [restartedMain] INFO c.b.BearsApplication - Started BearsApplication in 0.293 seconds (process running for 93944.877) 
2024-09-16T17:21:46.245 [restartedMain] INFO o.s.b.d.a.ConditionEvaluationDeltaLoggingListener - Condition evaluation unchanged 
2024-09-16T17:22:08.262 [File Watcher] INFO o.s.b.d.a.LocalDevToolsAutoConfiguration$RestartingClassPathChangeChangedEventListener - Restarting due to 1 class path change (0 additions, 0 deletions, 1 modification) 
2024-09-16T17:22:08.264 [Thread-23] INFO o.a.c.h.Http11NioProtocol - Stopping ProtocolHandler ["http-nio-8080"] 
2024-09-16T17:22:08.387 [restartedMain] INFO c.b.BearsApplication - Starting BearsApplication using Java 17.0.11 with PID 19220 (C:\factory\ws_sts4_4240\repo_bears\bears\bin\main started by user in C:\factory\ws_sts4_4240\repo_bears\bears) 
2024-09-16T17:22:08.387 [restartedMain] INFO c.b.BearsApplication - No active profile set, falling back to 1 default profile: "default" 
2024-09-16T17:22:08.515 [restartedMain] INFO o.s.b.w.e.t.TomcatWebServer - Tomcat initialized with port 8080 (http) 
2024-09-16T17:22:08.515 [restartedMain] INFO o.a.c.h.Http11NioProtocol - Initializing ProtocolHandler ["http-nio-8080"] 
2024-09-16T17:22:08.515 [restartedMain] INFO o.a.c.c.StandardService - Starting service [Tomcat] 
2024-09-16T17:22:08.515 [restartedMain] INFO o.a.c.c.StandardEngine - Starting Servlet engine: [Apache Tomcat/10.1.28] 
2024-09-16T17:22:08.525 [restartedMain] INFO o.a.c.c.C.[.[.[/] - Initializing Spring embedded WebApplicationContext 
2024-09-16T17:22:08.525 [restartedMain] INFO o.s.b.w.s.c.ServletWebServerApplicationContext - Root WebApplicationContext: initialization completed in 136 ms 
2024-09-16T17:22:08.628 [restartedMain] INFO o.s.b.d.a.OptionalLiveReloadServer - LiveReload server is running on port 35729 
2024-09-16T17:22:08.634 [restartedMain] INFO o.a.c.h.Http11NioProtocol - Starting ProtocolHandler ["http-nio-8080"] 
2024-09-16T17:22:08.636 [restartedMain] INFO o.s.b.w.e.t.TomcatWebServer - Tomcat started on port 8080 (http) with context path '/' 
2024-09-16T17:22:08.646 [restartedMain] INFO c.b.BearsApplication - Started BearsApplication in 0.275 seconds (process running for 93967.279) 
2024-09-16T17:22:08.647 [restartedMain] INFO o.s.b.d.a.ConditionEvaluationDeltaLoggingListener - Condition evaluation unchanged 
2024-09-16T17:22:15.413 [File Watcher] INFO o.s.b.d.a.LocalDevToolsAutoConfiguration$RestartingClassPathChangeChangedEventListener - Restarting due to 1 class path change (0 additions, 0 deletions, 1 modification) 
2024-09-16T17:22:15.415 [Thread-27] INFO o.a.c.h.Http11NioProtocol - Stopping ProtocolHandler ["http-nio-8080"] 
2024-09-16T17:22:15.520 [restartedMain] INFO c.b.BearsApplication - Starting BearsApplication using Java 17.0.11 with PID 19220 (C:\factory\ws_sts4_4240\repo_bears\bears\bin\main started by user in C:\factory\ws_sts4_4240\repo_bears\bears) 
2024-09-16T17:22:15.520 [restartedMain] INFO c.b.BearsApplication - No active profile set, falling back to 1 default profile: "default" 
2024-09-16T17:22:15.660 [restartedMain] INFO o.s.b.w.e.t.TomcatWebServer - Tomcat initialized with port 8080 (http) 
2024-09-16T17:22:15.661 [restartedMain] INFO o.a.c.h.Http11NioProtocol - Initializing ProtocolHandler ["http-nio-8080"] 
2024-09-16T17:22:15.661 [restartedMain] INFO o.a.c.c.StandardService - Starting service [Tomcat] 
2024-09-16T17:22:15.661 [restartedMain] INFO o.a.c.c.StandardEngine - Starting Servlet engine: [Apache Tomcat/10.1.28] 
2024-09-16T17:22:15.669 [restartedMain] INFO o.a.c.c.C.[.[.[/] - Initializing Spring embedded WebApplicationContext 
2024-09-16T17:22:15.669 [restartedMain] INFO o.s.b.w.s.c.ServletWebServerApplicationContext - Root WebApplicationContext: initialization completed in 148 ms 
2024-09-16T17:22:15.780 [restartedMain] INFO o.s.b.d.a.OptionalLiveReloadServer - LiveReload server is running on port 35729 
2024-09-16T17:22:15.785 [restartedMain] INFO o.a.c.h.Http11NioProtocol - Starting ProtocolHandler ["http-nio-8080"] 
2024-09-16T17:22:15.787 [restartedMain] INFO o.s.b.w.e.t.TomcatWebServer - Tomcat started on port 8080 (http) with context path '/' 
2024-09-16T17:22:15.795 [restartedMain] INFO c.b.BearsApplication - Started BearsApplication in 0.289 seconds (process running for 93974.428) 
2024-09-16T17:22:15.796 [restartedMain] INFO o.s.b.d.a.ConditionEvaluationDeltaLoggingListener - Condition evaluation unchanged 
2024-09-16T17:24:56.208 [http-nio-8080-exec-1] INFO o.a.c.c.C.[.[.[/] - Initializing Spring DispatcherServlet 'dispatcherServlet' 
2024-09-16T17:24:56.208 [http-nio-8080-exec-1] INFO o.s.w.s.DispatcherServlet - Initializing Servlet 'dispatcherServlet' 
2024-09-16T17:24:56.211 [http-nio-8080-exec-1] INFO o.s.w.s.DispatcherServlet - Completed initialization in 1 ms 
2024-09-16T17:24:56.213 [http-nio-8080-exec-1] INFO c.z.h.HikariDataSource - HikariPool-3 - Starting... 
2024-09-16T17:24:56.242 [http-nio-8080-exec-1] INFO c.z.h.p.HikariPool - HikariPool-3 - Added connection net.sf.log4jdbc.sql.jdbcapi.ConnectionSpy@63aea52 
2024-09-16T17:24:56.242 [http-nio-8080-exec-1] INFO c.z.h.HikariDataSource - HikariPool-3 - Start completed. 
2024-09-16T17:24:56.242 [http-nio-8080-exec-1] DEBUG j.sqltiming -  com.zaxxer.hikari.pool.ProxyPreparedStatement.execute(ProxyPreparedStatement.java:44)
31. SELECT
				a.usrSeq,
				a.usrLastName,
				a.usrFirstName,
				a.usrId,
				a.usrPw,
				a.usrGender,
				a.usrBirth,
				a.usrEmail,
				a.usrPhone,
				a.usrGrade,
				a.usrRegDate,
				a.usrEditdate,
				a.usrTosNy,
				a.usrMktNy,
				a.usrDelNy
			FROM
				bears.B_user a
			ORDER BY
				a.usrSeq;
 {executed in 0 msec} 
2024-09-16T17:24:57.718 [http-nio-8080-exec-5] DEBUG j.sqltiming -  com.zaxxer.hikari.pool.ProxyPreparedStatement.execute(ProxyPreparedStatement.java:44)
31. SELECT
				a.usrSeq,
				a.usrLastName,
				a.usrFirstName,
				a.usrId,
				a.usrPw,
				a.usrGender,
				a.usrBirth,
				a.usrEmail,
				a.usrPhone,
				a.usrGrade,
				a.usrRegDate,
				a.usrEditdate,
				a.usrTosNy,
				a.usrMktNy,
				a.usrDelNy
			FROM
				bears.B_user a
			ORDER BY
				a.usrSeq;
 {executed in 0 msec} 
2024-09-16T17:28:45.872 [File Watcher] INFO o.s.b.d.a.LocalDevToolsAutoConfiguration$RestartingClassPathChangeChangedEventListener - Restarting due to 1 class path change (0 additions, 0 deletions, 1 modification) 
2024-09-16T17:28:45.873 [Thread-31] INFO o.a.c.h.Http11NioProtocol - Stopping ProtocolHandler ["http-nio-8080"] 
2024-09-16T17:28:45.945 [Thread-31] INFO c.z.h.HikariDataSource - HikariPool-3 - Shutdown initiated... 
2024-09-16T17:28:45.951 [Thread-31] INFO c.z.h.HikariDataSource - HikariPool-3 - Shutdown completed. 
2024-09-16T17:28:46.019 [restartedMain] INFO c.b.BearsApplication - Starting BearsApplication using Java 17.0.11 with PID 19220 (C:\factory\ws_sts4_4240\repo_bears\bears\bin\main started by user in C:\factory\ws_sts4_4240\repo_bears\bears) 
2024-09-16T17:28:46.019 [restartedMain] INFO c.b.BearsApplication - No active profile set, falling back to 1 default profile: "default" 
2024-09-16T17:28:46.174 [restartedMain] INFO o.s.b.w.e.t.TomcatWebServer - Tomcat initialized with port 8080 (http) 
2024-09-16T17:28:46.174 [restartedMain] INFO o.a.c.h.Http11NioProtocol - Initializing ProtocolHandler ["http-nio-8080"] 
2024-09-16T17:28:46.174 [restartedMain] INFO o.a.c.c.StandardService - Starting service [Tomcat] 
2024-09-16T17:28:46.174 [restartedMain] INFO o.a.c.c.StandardEngine - Starting Servlet engine: [Apache Tomcat/10.1.28] 
2024-09-16T17:28:46.182 [restartedMain] INFO o.a.c.c.C.[.[.[/] - Initializing Spring embedded WebApplicationContext 
2024-09-16T17:28:46.182 [restartedMain] INFO o.s.b.w.s.c.ServletWebServerApplicationContext - Root WebApplicationContext: initialization completed in 162 ms 
2024-09-16T17:28:46.304 [restartedMain] INFO o.s.b.d.a.OptionalLiveReloadServer - LiveReload server is running on port 35729 
2024-09-16T17:28:46.310 [restartedMain] INFO o.a.c.h.Http11NioProtocol - Starting ProtocolHandler ["http-nio-8080"] 
2024-09-16T17:28:46.312 [restartedMain] INFO o.s.b.w.e.t.TomcatWebServer - Tomcat started on port 8080 (http) with context path '/' 
2024-09-16T17:28:46.318 [restartedMain] INFO c.b.BearsApplication - Started BearsApplication in 0.33 seconds (process running for 94364.952) 
2024-09-16T17:28:46.320 [restartedMain] INFO o.s.b.d.a.ConditionEvaluationDeltaLoggingListener - Condition evaluation unchanged 
2024-09-16T17:32:30.287 [File Watcher] INFO o.s.b.d.a.LocalDevToolsAutoConfiguration$RestartingClassPathChangeChangedEventListener - Restarting due to 1 class path change (0 additions, 0 deletions, 1 modification) 
2024-09-16T17:32:30.288 [Thread-35] INFO o.a.c.h.Http11NioProtocol - Stopping ProtocolHandler ["http-nio-8080"] 
2024-09-16T17:32:30.414 [restartedMain] INFO c.b.BearsApplication - Starting BearsApplication using Java 17.0.11 with PID 19220 (C:\factory\ws_sts4_4240\repo_bears\bears\bin\main started by user in C:\factory\ws_sts4_4240\repo_bears\bears) 
2024-09-16T17:32:30.415 [restartedMain] INFO c.b.BearsApplication - No active profile set, falling back to 1 default profile: "default" 
2024-09-16T17:32:30.582 [restartedMain] INFO o.s.b.w.e.t.TomcatWebServer - Tomcat initialized with port 8080 (http) 
2024-09-16T17:32:30.583 [restartedMain] INFO o.a.c.h.Http11NioProtocol - Initializing ProtocolHandler ["http-nio-8080"] 
2024-09-16T17:32:30.583 [restartedMain] INFO o.a.c.c.StandardService - Starting service [Tomcat] 
2024-09-16T17:32:30.583 [restartedMain] INFO o.a.c.c.StandardEngine - Starting Servlet engine: [Apache Tomcat/10.1.28] 
2024-09-16T17:32:30.592 [restartedMain] INFO o.a.c.c.C.[.[.[/] - Initializing Spring embedded WebApplicationContext 
2024-09-16T17:32:30.592 [restartedMain] INFO o.s.b.w.s.c.ServletWebServerApplicationContext - Root WebApplicationContext: initialization completed in 176 ms 
2024-09-16T17:32:30.725 [restartedMain] INFO o.s.b.d.a.OptionalLiveReloadServer - LiveReload server is running on port 35729 
2024-09-16T17:32:30.731 [restartedMain] INFO o.a.c.h.Http11NioProtocol - Starting ProtocolHandler ["http-nio-8080"] 
2024-09-16T17:32:30.744 [restartedMain] INFO o.s.b.w.e.t.TomcatWebServer - Tomcat started on port 8080 (http) with context path '/' 
2024-09-16T17:32:30.749 [restartedMain] INFO c.b.BearsApplication - Started BearsApplication in 0.352 seconds (process running for 94589.382) 
2024-09-16T17:32:30.751 [restartedMain] INFO o.s.b.d.a.ConditionEvaluationDeltaLoggingListener - Condition evaluation unchanged 
2024-09-16T17:45:47.925 [File Watcher] INFO o.s.b.d.a.LocalDevToolsAutoConfiguration$RestartingClassPathChangeChangedEventListener - Restarting due to 1 class path change (0 additions, 0 deletions, 1 modification) 
2024-09-16T17:45:47.927 [Thread-39] INFO o.a.c.h.Http11NioProtocol - Stopping ProtocolHandler ["http-nio-8080"] 
2024-09-16T17:45:48.057 [restartedMain] INFO c.b.BearsApplication - Starting BearsApplication using Java 17.0.11 with PID 19220 (C:\factory\ws_sts4_4240\repo_bears\bears\bin\main started by user in C:\factory\ws_sts4_4240\repo_bears\bears) 
2024-09-16T17:45:48.057 [restartedMain] INFO c.b.BearsApplication - No active profile set, falling back to 1 default profile: "default" 
2024-09-16T17:45:48.211 [restartedMain] INFO o.s.b.w.e.t.TomcatWebServer - Tomcat initialized with port 8080 (http) 
2024-09-16T17:45:48.211 [restartedMain] INFO o.a.c.h.Http11NioProtocol - Initializing ProtocolHandler ["http-nio-8080"] 
2024-09-16T17:45:48.211 [restartedMain] INFO o.a.c.c.StandardService - Starting service [Tomcat] 
2024-09-16T17:45:48.211 [restartedMain] INFO o.a.c.c.StandardEngine - Starting Servlet engine: [Apache Tomcat/10.1.28] 
2024-09-16T17:45:48.219 [restartedMain] INFO o.a.c.c.C.[.[.[/] - Initializing Spring embedded WebApplicationContext 
2024-09-16T17:45:48.220 [restartedMain] INFO o.s.b.w.s.c.ServletWebServerApplicationContext - Root WebApplicationContext: initialization completed in 162 ms 
2024-09-16T17:45:48.343 [restartedMain] INFO o.s.b.d.a.OptionalLiveReloadServer - LiveReload server is running on port 35729 
2024-09-16T17:45:48.350 [restartedMain] INFO o.a.c.h.Http11NioProtocol - Starting ProtocolHandler ["http-nio-8080"] 
2024-09-16T17:45:48.353 [restartedMain] INFO o.s.b.w.e.t.TomcatWebServer - Tomcat started on port 8080 (http) with context path '/' 
2024-09-16T17:45:48.358 [restartedMain] INFO c.b.BearsApplication - Started BearsApplication in 0.319 seconds (process running for 95386.992) 
2024-09-16T17:45:48.360 [restartedMain] INFO o.s.b.d.a.ConditionEvaluationDeltaLoggingListener - Condition evaluation unchanged 
2024-09-16T17:46:28.231 [File Watcher] INFO o.s.b.d.a.LocalDevToolsAutoConfiguration$RestartingClassPathChangeChangedEventListener - Restarting due to 1 class path change (0 additions, 0 deletions, 1 modification) 
2024-09-16T17:46:28.232 [Thread-43] INFO o.a.c.h.Http11NioProtocol - Stopping ProtocolHandler ["http-nio-8080"] 
2024-09-16T17:46:28.352 [restartedMain] INFO c.b.BearsApplication - Starting BearsApplication using Java 17.0.11 with PID 19220 (C:\factory\ws_sts4_4240\repo_bears\bears\bin\main started by user in C:\factory\ws_sts4_4240\repo_bears\bears) 
2024-09-16T17:46:28.353 [restartedMain] INFO c.b.BearsApplication - No active profile set, falling back to 1 default profile: "default" 
2024-09-16T17:46:28.488 [restartedMain] INFO o.s.b.w.e.t.TomcatWebServer - Tomcat initialized with port 8080 (http) 
2024-09-16T17:46:28.492 [restartedMain] INFO o.a.c.h.Http11NioProtocol - Initializing ProtocolHandler ["http-nio-8080"] 
2024-09-16T17:46:28.492 [restartedMain] INFO o.a.c.c.StandardService - Starting service [Tomcat] 
2024-09-16T17:46:28.492 [restartedMain] INFO o.a.c.c.StandardEngine - Starting Servlet engine: [Apache Tomcat/10.1.28] 
2024-09-16T17:46:28.498 [restartedMain] INFO o.a.c.c.C.[.[.[/] - Initializing Spring embedded WebApplicationContext 
2024-09-16T17:46:28.498 [restartedMain] INFO o.s.b.w.s.c.ServletWebServerApplicationContext - Root WebApplicationContext: initialization completed in 143 ms 
2024-09-16T17:46:28.595 [restartedMain] INFO o.s.b.d.a.OptionalLiveReloadServer - LiveReload server is running on port 35729 
2024-09-16T17:46:28.601 [restartedMain] INFO o.a.c.h.Http11NioProtocol - Starting ProtocolHandler ["http-nio-8080"] 
2024-09-16T17:46:28.605 [restartedMain] INFO o.s.b.w.e.t.TomcatWebServer - Tomcat started on port 8080 (http) with context path '/' 
2024-09-16T17:46:28.611 [restartedMain] INFO c.b.BearsApplication - Started BearsApplication in 0.271 seconds (process running for 95427.244) 
2024-09-16T17:46:28.612 [restartedMain] INFO o.s.b.d.a.ConditionEvaluationDeltaLoggingListener - Condition evaluation unchanged 
