2024-09-12T17:09:49.594 [http-nio-8080-exec-1] DEBUG j.sqltiming -  com.zaxxer.hikari.pool.ProxyPreparedStatement.execute(ProxyPreparedStatement.java:44)
151. SELECT
			b.ifcdSeq,
			b.ifcdName,
			b.ifcdUseNy,
			b.ifcdOrder,
			b.ifcdDesc,
			b.ifcdDelNy,
			b.ifcdRegist,
			b.ifcdEdit,
			b.B_codegroup_ifcgSeq,
			a.ifcgName
		FROM
			bears.B_code AS b
			JOIN B_codegroup AS a
				ON a.ifcgSeq = b.B_codegroup_ifcgSeq
		WHERE 1 = 1

		ORDER BY
			b.ifcdSeq DESC
 {executed in 1 msec} 
2024-09-12T17:19:37.232 [RMI TCP Connection(355)-127.0.0.1] INFO o.s.b.a.SpringApplicationAdminMXBeanRegistrar$SpringApplicationAdmin - Application shutdown requested. 
2024-09-12T17:19:37.243 [RMI TCP Connection(355)-127.0.0.1] INFO o.a.c.h.Http11NioProtocol - Stopping ProtocolHandler ["http-nio-8080"] 
2024-09-12T17:19:37.323 [RMI TCP Connection(355)-127.0.0.1] INFO c.z.h.HikariDataSource - HikariPool-13 - Shutdown initiated... 
2024-09-12T17:19:37.326 [RMI TCP Connection(355)-127.0.0.1] INFO c.z.h.HikariDataSource - HikariPool-13 - Shutdown completed. 
