2024-09-20T14:54:15.776 [http-nio-8080-exec-1] INFO o.a.c.c.C.[.[.[/] - Initializing Spring DispatcherServlet 'dispatcherServlet' 
2024-09-20T14:54:15.777 [http-nio-8080-exec-1] INFO o.s.w.s.DispatcherServlet - Initializing Servlet 'dispatcherServlet' 
2024-09-20T14:54:15.778 [http-nio-8080-exec-1] INFO o.s.w.s.DispatcherServlet - Completed initialization in 1 ms 
2024-09-20T14:54:15.781 [http-nio-8080-exec-1] INFO c.z.h.HikariDataSource - HikariPool-12 - Starting... 
2024-09-20T14:54:15.795 [http-nio-8080-exec-1] INFO c.z.h.p.HikariPool - HikariPool-12 - Added connection net.sf.log4jdbc.sql.jdbcapi.ConnectionSpy@49c0cd63 
2024-09-20T14:54:15.796 [http-nio-8080-exec-1] INFO c.z.h.HikariDataSource - HikariPool-12 - Start completed. 
2024-09-20T14:54:15.797 [http-nio-8080-exec-1] DEBUG j.sqltiming -  com.zaxxer.hikari.pool.ProxyPreparedStatement.execute(ProxyPreparedStatement.java:44)
111. SELECT
				a.usrSeq,
				a.usrXdmNy,
				a.usrName,
				a.usrId,
				a.usrPw,
				a.usrGender,
				a.usrBirth,
				a.usrEmail,
				a.usrPhone,
				a.usrGrade,
				a.usrRegDate,
				a.usrEditdate,
				a.usrTosNy,
				a.usrMktNy,
				a.usrDelNy
			FROM
				bears.B_user a
			WHERE 1 = 1
				AND a.usrSeq = 6
 {executed in 1 msec} 
