2024-09-20T12:01:50.495 [File Watcher] INFO o.s.b.d.a.LocalDevToolsAutoConfiguration$RestartingClassPathChangeChangedEventListener - Restarting due to 1 class path change (0 additions, 0 deletions, 1 modification) 
2024-09-20T12:01:50.497 [Thread-47] INFO o.a.c.h.Http11NioProtocol - Stopping ProtocolHandler ["http-nio-8080"] 
2024-09-20T12:01:50.570 [Thread-47] INFO c.z.h.HikariDataSource - HikariPool-7 - Shutdown initiated... 
2024-09-20T12:01:50.574 [Thread-47] INFO c.z.h.HikariDataSource - HikariPool-7 - Shutdown completed. 
2024-09-20T12:01:50.640 [restartedMain] INFO c.b.BearsApplication - Starting BearsApplication using Java 17.0.11 with PID 9420 (C:\factory\ws_sts4_4240\repo_bears\bears\bin\main started by user in C:\factory\ws_sts4_4240\repo_bears\bears) 
2024-09-20T12:01:50.651 [restartedMain] INFO c.b.BearsApplication - No active profile set, falling back to 1 default profile: "default" 
2024-09-20T12:01:50.815 [restartedMain] INFO o.s.b.w.e.t.TomcatWebServer - Tomcat initialized with port 8080 (http) 
2024-09-20T12:01:50.815 [restartedMain] INFO o.a.c.h.Http11NioProtocol - Initializing ProtocolHandler ["http-nio-8080"] 
2024-09-20T12:01:50.816 [restartedMain] INFO o.a.c.c.StandardService - Starting service [Tomcat] 
2024-09-20T12:01:50.816 [restartedMain] INFO o.a.c.c.StandardEngine - Starting Servlet engine: [Apache Tomcat/10.1.28] 
2024-09-20T12:01:50.822 [restartedMain] INFO o.a.c.c.C.[.[.[/] - Initializing Spring embedded WebApplicationContext 
2024-09-20T12:01:50.822 [restartedMain] INFO o.s.b.w.s.c.ServletWebServerApplicationContext - Root WebApplicationContext: initialization completed in 170 ms 
2024-09-20T12:01:50.936 [restartedMain] INFO o.s.b.d.a.OptionalLiveReloadServer - LiveReload server is running on port 35729 
2024-09-20T12:01:50.948 [restartedMain] INFO o.a.c.h.Http11NioProtocol - Starting ProtocolHandler ["http-nio-8080"] 
2024-09-20T12:01:50.950 [restartedMain] INFO o.s.b.w.e.t.TomcatWebServer - Tomcat started on port 8080 (http) with context path '/' 
2024-09-20T12:01:50.956 [restartedMain] INFO c.b.BearsApplication - Started BearsApplication in 0.335 seconds (process running for 9542.694) 
2024-09-20T12:01:50.957 [restartedMain] INFO o.s.b.d.a.ConditionEvaluationDeltaLoggingListener - Condition evaluation unchanged 
2024-09-20T12:02:15.815 [File Watcher] INFO o.s.b.d.a.LocalDevToolsAutoConfiguration$RestartingClassPathChangeChangedEventListener - Restarting due to 1 class path change (0 additions, 0 deletions, 1 modification) 
2024-09-20T12:02:15.816 [Thread-51] INFO o.a.c.h.Http11NioProtocol - Stopping ProtocolHandler ["http-nio-8080"] 
2024-09-20T12:02:15.943 [restartedMain] INFO c.b.BearsApplication - Starting BearsApplication using Java 17.0.11 with PID 9420 (C:\factory\ws_sts4_4240\repo_bears\bears\bin\main started by user in C:\factory\ws_sts4_4240\repo_bears\bears) 
2024-09-20T12:02:15.943 [restartedMain] INFO c.b.BearsApplication - No active profile set, falling back to 1 default profile: "default" 
2024-09-20T12:02:16.110 [restartedMain] INFO o.s.b.w.e.t.TomcatWebServer - Tomcat initialized with port 8080 (http) 
2024-09-20T12:02:16.111 [restartedMain] INFO o.a.c.h.Http11NioProtocol - Initializing ProtocolHandler ["http-nio-8080"] 
2024-09-20T12:02:16.111 [restartedMain] INFO o.a.c.c.StandardService - Starting service [Tomcat] 
2024-09-20T12:02:16.111 [restartedMain] INFO o.a.c.c.StandardEngine - Starting Servlet engine: [Apache Tomcat/10.1.28] 
2024-09-20T12:02:16.123 [restartedMain] INFO o.a.c.c.C.[.[.[/] - Initializing Spring embedded WebApplicationContext 
2024-09-20T12:02:16.123 [restartedMain] INFO o.s.b.w.s.c.ServletWebServerApplicationContext - Root WebApplicationContext: initialization completed in 179 ms 
2024-09-20T12:02:16.261 [restartedMain] INFO o.s.b.d.a.OptionalLiveReloadServer - LiveReload server is running on port 35729 
2024-09-20T12:02:16.268 [restartedMain] INFO o.a.c.h.Http11NioProtocol - Starting ProtocolHandler ["http-nio-8080"] 
2024-09-20T12:02:16.270 [restartedMain] INFO o.s.b.w.e.t.TomcatWebServer - Tomcat started on port 8080 (http) with context path '/' 
2024-09-20T12:02:16.276 [restartedMain] INFO c.b.BearsApplication - Started BearsApplication in 0.349 seconds (process running for 9568.014) 
2024-09-20T12:02:16.277 [restartedMain] INFO o.s.b.d.a.ConditionEvaluationDeltaLoggingListener - Condition evaluation unchanged 
2024-09-20T12:05:09.140 [File Watcher] INFO o.s.b.d.a.LocalDevToolsAutoConfiguration$RestartingClassPathChangeChangedEventListener - Restarting due to 1 class path change (0 additions, 0 deletions, 1 modification) 
2024-09-20T12:05:09.142 [Thread-55] INFO o.a.c.h.Http11NioProtocol - Stopping ProtocolHandler ["http-nio-8080"] 
2024-09-20T12:05:09.269 [restartedMain] INFO c.b.BearsApplication - Starting BearsApplication using Java 17.0.11 with PID 9420 (C:\factory\ws_sts4_4240\repo_bears\bears\bin\main started by user in C:\factory\ws_sts4_4240\repo_bears\bears) 
2024-09-20T12:05:09.270 [restartedMain] INFO c.b.BearsApplication - No active profile set, falling back to 1 default profile: "default" 
2024-09-20T12:05:09.416 [restartedMain] INFO o.s.b.w.e.t.TomcatWebServer - Tomcat initialized with port 8080 (http) 
2024-09-20T12:05:09.418 [restartedMain] INFO o.a.c.h.Http11NioProtocol - Initializing ProtocolHandler ["http-nio-8080"] 
2024-09-20T12:05:09.418 [restartedMain] INFO o.a.c.c.StandardService - Starting service [Tomcat] 
2024-09-20T12:05:09.418 [restartedMain] INFO o.a.c.c.StandardEngine - Starting Servlet engine: [Apache Tomcat/10.1.28] 
2024-09-20T12:05:09.425 [restartedMain] INFO o.a.c.c.C.[.[.[/] - Initializing Spring embedded WebApplicationContext 
2024-09-20T12:05:09.425 [restartedMain] INFO o.s.b.w.s.c.ServletWebServerApplicationContext - Root WebApplicationContext: initialization completed in 154 ms 
2024-09-20T12:05:09.546 [restartedMain] INFO o.s.b.d.a.OptionalLiveReloadServer - LiveReload server is running on port 35729 
2024-09-20T12:05:09.556 [restartedMain] INFO o.a.c.h.Http11NioProtocol - Starting ProtocolHandler ["http-nio-8080"] 
2024-09-20T12:05:09.560 [restartedMain] INFO o.s.b.w.e.t.TomcatWebServer - Tomcat started on port 8080 (http) with context path '/' 
2024-09-20T12:05:09.565 [restartedMain] INFO c.b.BearsApplication - Started BearsApplication in 0.317 seconds (process running for 9741.303) 
2024-09-20T12:05:09.567 [restartedMain] INFO o.s.b.d.a.ConditionEvaluationDeltaLoggingListener - Condition evaluation unchanged 
2024-09-20T12:10:30.362 [File Watcher] INFO o.s.b.d.a.LocalDevToolsAutoConfiguration$RestartingClassPathChangeChangedEventListener - Restarting due to 1 class path change (0 additions, 0 deletions, 1 modification) 
2024-09-20T12:10:30.363 [Thread-59] INFO o.a.c.h.Http11NioProtocol - Stopping ProtocolHandler ["http-nio-8080"] 
2024-09-20T12:10:30.492 [restartedMain] INFO c.b.BearsApplication - Starting BearsApplication using Java 17.0.11 with PID 9420 (C:\factory\ws_sts4_4240\repo_bears\bears\bin\main started by user in C:\factory\ws_sts4_4240\repo_bears\bears) 
2024-09-20T12:10:30.492 [restartedMain] INFO c.b.BearsApplication - No active profile set, falling back to 1 default profile: "default" 
2024-09-20T12:10:30.637 [restartedMain] INFO o.s.b.w.e.t.TomcatWebServer - Tomcat initialized with port 8080 (http) 
2024-09-20T12:10:30.638 [restartedMain] INFO o.a.c.h.Http11NioProtocol - Initializing ProtocolHandler ["http-nio-8080"] 
2024-09-20T12:10:30.639 [restartedMain] INFO o.a.c.c.StandardService - Starting service [Tomcat] 
2024-09-20T12:10:30.639 [restartedMain] INFO o.a.c.c.StandardEngine - Starting Servlet engine: [Apache Tomcat/10.1.28] 
2024-09-20T12:10:30.646 [restartedMain] INFO o.a.c.c.C.[.[.[/] - Initializing Spring embedded WebApplicationContext 
2024-09-20T12:10:30.646 [restartedMain] INFO o.s.b.w.s.c.ServletWebServerApplicationContext - Root WebApplicationContext: initialization completed in 152 ms 
2024-09-20T12:10:30.772 [restartedMain] INFO o.s.b.d.a.OptionalLiveReloadServer - LiveReload server is running on port 35729 
2024-09-20T12:10:30.778 [restartedMain] INFO o.a.c.h.Http11NioProtocol - Starting ProtocolHandler ["http-nio-8080"] 
2024-09-20T12:10:30.780 [restartedMain] INFO o.s.b.w.e.t.TomcatWebServer - Tomcat started on port 8080 (http) with context path '/' 
2024-09-20T12:10:30.787 [restartedMain] INFO c.b.BearsApplication - Started BearsApplication in 0.311 seconds (process running for 10062.525) 
2024-09-20T12:10:30.790 [restartedMain] INFO o.s.b.d.a.ConditionEvaluationDeltaLoggingListener - Condition evaluation unchanged 
2024-09-20T12:13:03.027 [http-nio-8080-exec-1] INFO o.a.c.c.C.[.[.[/] - Initializing Spring DispatcherServlet 'dispatcherServlet' 
2024-09-20T12:13:03.027 [http-nio-8080-exec-1] INFO o.s.w.s.DispatcherServlet - Initializing Servlet 'dispatcherServlet' 
2024-09-20T12:13:03.028 [http-nio-8080-exec-1] INFO o.s.w.s.DispatcherServlet - Completed initialization in 1 ms 
2024-09-20T12:13:03.029 [http-nio-8080-exec-1] INFO c.z.h.HikariDataSource - HikariPool-8 - Starting... 
2024-09-20T12:13:03.041 [http-nio-8080-exec-1] INFO c.z.h.p.HikariPool - HikariPool-8 - Added connection net.sf.log4jdbc.sql.jdbcapi.ConnectionSpy@4acb2bd 
2024-09-20T12:13:03.041 [http-nio-8080-exec-1] INFO c.z.h.HikariDataSource - HikariPool-8 - Start completed. 
2024-09-20T12:13:03.043 [http-nio-8080-exec-1] DEBUG j.sqltiming -  com.zaxxer.hikari.pool.ProxyPreparedStatement.execute(ProxyPreparedStatement.java:44)
71. SELECT
				a.usrSeq,
				a.usrXdmNy,
				a.usrName,
				a.usrId,
				a.usrPw,
				a.usrGender,
				a.usrBirth,
				a.usrEmail,
				a.usrPhone,
				a.usrGrade,
				a.usrRegDate,
				a.usrEditdate,
				a.usrTosNy,
				a.usrMktNy,
				a.usrDelNy
			FROM
				bears.B_user a
			WHERE 1 = 1
				AND a.usrSeq = 5
 {executed in 1 msec} 
2024-09-20T12:13:05.774 [http-nio-8080-exec-6] DEBUG j.sqltiming -  com.zaxxer.hikari.pool.ProxyPreparedStatement.execute(ProxyPreparedStatement.java:44)
71. UPDATE bears.B_user
			SET
				usrDelNy = 1
			WHERE 1 = 1
				AND usrSeq = 5
 {executed in 0 msec} 
2024-09-20T12:13:05.790 [http-nio-8080-exec-4] DEBUG j.sqltiming -  com.zaxxer.hikari.pool.ProxyPreparedStatement.execute(ProxyPreparedStatement.java:44)
71. SELECT
				a.usrSeq,
				a.usrXdmNy,
				a.usrName,
				a.usrId,
				a.usrPw,
				a.usrGender,
				a.usrBirth,
				a.usrEmail,
				a.usrPhone,
				a.usrGrade,
				a.usrRegDate,
				a.usrEditdate,
				a.usrTosNy,
				a.usrMktNy,
				a.usrDelNy
			FROM
				bears.B_user a
			ORDER BY
				a.usrSeq DESC
 {executed in 5 msec} 
2024-09-20T12:13:07.977 [http-nio-8080-exec-8] DEBUG j.sqltiming -  com.zaxxer.hikari.pool.ProxyPreparedStatement.execute(ProxyPreparedStatement.java:44)
71. SELECT
				a.usrSeq,
				a.usrXdmNy,
				a.usrName,
				a.usrId,
				a.usrPw,
				a.usrGender,
				a.usrBirth,
				a.usrEmail,
				a.usrPhone,
				a.usrGrade,
				a.usrRegDate,
				a.usrEditdate,
				a.usrTosNy,
				a.usrMktNy,
				a.usrDelNy
			FROM
				bears.B_user a
			WHERE 1 = 1
				AND a.usrSeq = 5
 {executed in 2 msec} 
2024-09-20T12:14:44.078 [http-nio-8080-exec-6] DEBUG j.sqltiming -  com.zaxxer.hikari.pool.ProxyPreparedStatement.execute(ProxyPreparedStatement.java:44)
71. SELECT
				a.usrSeq,
				a.usrXdmNy,
				a.usrName,
				a.usrId,
				a.usrPw,
				a.usrGender,
				a.usrBirth,
				a.usrEmail,
				a.usrPhone,
				a.usrGrade,
				a.usrRegDate,
				a.usrEditdate,
				a.usrTosNy,
				a.usrMktNy,
				a.usrDelNy
			FROM
				bears.B_user a
			ORDER BY
				a.usrSeq DESC
 {executed in 1 msec} 
2024-09-20T12:14:45.536 [http-nio-8080-exec-3] DEBUG j.sqltiming -  com.zaxxer.hikari.pool.ProxyPreparedStatement.execute(ProxyPreparedStatement.java:44)
71. SELECT
				a.usrSeq,
				a.usrXdmNy,
				a.usrName,
				a.usrId,
				a.usrPw,
				a.usrGender,
				a.usrBirth,
				a.usrEmail,
				a.usrPhone,
				a.usrGrade,
				a.usrRegDate,
				a.usrEditdate,
				a.usrTosNy,
				a.usrMktNy,
				a.usrDelNy
			FROM
				bears.B_user a
			WHERE 1 = 1
				AND a.usrSeq = 5
 {executed in 0 msec} 
2024-09-20T12:15:14.215 [File Watcher] INFO o.s.b.d.a.LocalDevToolsAutoConfiguration$RestartingClassPathChangeChangedEventListener - Restarting due to 1 class path change (0 additions, 0 deletions, 1 modification) 
2024-09-20T12:15:14.216 [Thread-63] INFO o.a.c.h.Http11NioProtocol - Stopping ProtocolHandler ["http-nio-8080"] 
2024-09-20T12:15:14.299 [Thread-63] INFO c.z.h.HikariDataSource - HikariPool-8 - Shutdown initiated... 
2024-09-20T12:15:14.302 [Thread-63] INFO c.z.h.HikariDataSource - HikariPool-8 - Shutdown completed. 
2024-09-20T12:15:14.356 [restartedMain] INFO c.b.BearsApplication - Starting BearsApplication using Java 17.0.11 with PID 9420 (C:\factory\ws_sts4_4240\repo_bears\bears\bin\main started by user in C:\factory\ws_sts4_4240\repo_bears\bears) 
2024-09-20T12:15:14.356 [restartedMain] INFO c.b.BearsApplication - No active profile set, falling back to 1 default profile: "default" 
2024-09-20T12:15:14.502 [restartedMain] INFO o.s.b.w.e.t.TomcatWebServer - Tomcat initialized with port 8080 (http) 
2024-09-20T12:15:14.502 [restartedMain] INFO o.a.c.h.Http11NioProtocol - Initializing ProtocolHandler ["http-nio-8080"] 
2024-09-20T12:15:14.502 [restartedMain] INFO o.a.c.c.StandardService - Starting service [Tomcat] 
2024-09-20T12:15:14.502 [restartedMain] INFO o.a.c.c.StandardEngine - Starting Servlet engine: [Apache Tomcat/10.1.28] 
2024-09-20T12:15:14.511 [restartedMain] INFO o.a.c.c.C.[.[.[/] - Initializing Spring embedded WebApplicationContext 
2024-09-20T12:15:14.511 [restartedMain] INFO o.s.b.w.s.c.ServletWebServerApplicationContext - Root WebApplicationContext: initialization completed in 154 ms 
2024-09-20T12:15:14.627 [restartedMain] INFO o.s.b.d.a.OptionalLiveReloadServer - LiveReload server is running on port 35729 
2024-09-20T12:15:14.637 [restartedMain] INFO o.a.c.h.Http11NioProtocol - Starting ProtocolHandler ["http-nio-8080"] 
2024-09-20T12:15:14.641 [restartedMain] INFO o.s.b.w.e.t.TomcatWebServer - Tomcat started on port 8080 (http) with context path '/' 
2024-09-20T12:15:14.649 [restartedMain] INFO c.b.BearsApplication - Started BearsApplication in 0.31 seconds (process running for 10346.386) 
2024-09-20T12:15:14.650 [restartedMain] INFO o.s.b.d.a.ConditionEvaluationDeltaLoggingListener - Condition evaluation unchanged 
2024-09-20T12:15:15.539 [http-nio-8080-exec-2] INFO o.a.c.c.C.[.[.[/] - Initializing Spring DispatcherServlet 'dispatcherServlet' 
2024-09-20T12:15:15.539 [http-nio-8080-exec-2] INFO o.s.w.s.DispatcherServlet - Initializing Servlet 'dispatcherServlet' 
2024-09-20T12:15:15.539 [http-nio-8080-exec-2] INFO o.s.w.s.DispatcherServlet - Completed initialization in 0 ms 
2024-09-20T12:15:15.540 [http-nio-8080-exec-2] INFO c.z.h.HikariDataSource - HikariPool-9 - Starting... 
2024-09-20T12:15:15.555 [http-nio-8080-exec-2] INFO c.z.h.p.HikariPool - HikariPool-9 - Added connection net.sf.log4jdbc.sql.jdbcapi.ConnectionSpy@4bda050f 
2024-09-20T12:15:15.555 [http-nio-8080-exec-2] INFO c.z.h.HikariDataSource - HikariPool-9 - Start completed. 
2024-09-20T12:15:15.555 [http-nio-8080-exec-2] DEBUG j.sqltiming -  com.zaxxer.hikari.pool.ProxyPreparedStatement.execute(ProxyPreparedStatement.java:44)
81. SELECT
				a.usrSeq,
				a.usrXdmNy,
				a.usrName,
				a.usrId,
				a.usrPw,
				a.usrGender,
				a.usrBirth,
				a.usrEmail,
				a.usrPhone,
				a.usrGrade,
				a.usrRegDate,
				a.usrEditdate,
				a.usrTosNy,
				a.usrMktNy,
				a.usrDelNy
			FROM
				bears.B_user a
			WHERE 1 = 1
				AND a.usrSeq = 5
 {executed in 0 msec} 
2024-09-20T12:15:34.027 [http-nio-8080-exec-8] DEBUG j.sqltiming -  com.zaxxer.hikari.pool.ProxyPreparedStatement.execute(ProxyPreparedStatement.java:44)
81. SELECT
				a.usrSeq,
				a.usrXdmNy,
				a.usrName,
				a.usrId,
				a.usrPw,
				a.usrGender,
				a.usrBirth,
				a.usrEmail,
				a.usrPhone,
				a.usrGrade,
				a.usrRegDate,
				a.usrEditdate,
				a.usrTosNy,
				a.usrMktNy,
				a.usrDelNy
			FROM
				bears.B_user a
			WHERE 1 = 1
				AND a.usrSeq = 5
 {executed in 5 msec} 
2024-09-20T12:17:04.099 [File Watcher] INFO o.s.b.d.a.LocalDevToolsAutoConfiguration$RestartingClassPathChangeChangedEventListener - Restarting due to 1 class path change (0 additions, 0 deletions, 1 modification) 
2024-09-20T12:17:04.100 [Thread-67] INFO o.a.c.h.Http11NioProtocol - Stopping ProtocolHandler ["http-nio-8080"] 
2024-09-20T12:17:04.195 [Thread-67] INFO c.z.h.HikariDataSource - HikariPool-9 - Shutdown initiated... 
2024-09-20T12:17:04.199 [Thread-67] INFO c.z.h.HikariDataSource - HikariPool-9 - Shutdown completed. 
2024-09-20T12:17:04.271 [restartedMain] INFO c.b.BearsApplication - Starting BearsApplication using Java 17.0.11 with PID 9420 (C:\factory\ws_sts4_4240\repo_bears\bears\bin\main started by user in C:\factory\ws_sts4_4240\repo_bears\bears) 
2024-09-20T12:17:04.271 [restartedMain] INFO c.b.BearsApplication - No active profile set, falling back to 1 default profile: "default" 
2024-09-20T12:17:04.418 [restartedMain] INFO o.s.b.w.e.t.TomcatWebServer - Tomcat initialized with port 8080 (http) 
2024-09-20T12:17:04.418 [restartedMain] INFO o.a.c.h.Http11NioProtocol - Initializing ProtocolHandler ["http-nio-8080"] 
2024-09-20T12:17:04.418 [restartedMain] INFO o.a.c.c.StandardService - Starting service [Tomcat] 
2024-09-20T12:17:04.418 [restartedMain] INFO o.a.c.c.StandardEngine - Starting Servlet engine: [Apache Tomcat/10.1.28] 
2024-09-20T12:17:04.425 [restartedMain] INFO o.a.c.c.C.[.[.[/] - Initializing Spring embedded WebApplicationContext 
2024-09-20T12:17:04.425 [restartedMain] INFO o.s.b.w.s.c.ServletWebServerApplicationContext - Root WebApplicationContext: initialization completed in 152 ms 
2024-09-20T12:17:04.545 [restartedMain] INFO o.s.b.d.a.OptionalLiveReloadServer - LiveReload server is running on port 35729 
2024-09-20T12:17:04.552 [restartedMain] INFO o.a.c.h.Http11NioProtocol - Starting ProtocolHandler ["http-nio-8080"] 
2024-09-20T12:17:04.554 [restartedMain] INFO o.s.b.w.e.t.TomcatWebServer - Tomcat started on port 8080 (http) with context path '/' 
2024-09-20T12:17:04.560 [restartedMain] INFO c.b.BearsApplication - Started BearsApplication in 0.304 seconds (process running for 10456.298) 
2024-09-20T12:17:04.562 [restartedMain] INFO o.s.b.d.a.ConditionEvaluationDeltaLoggingListener - Condition evaluation unchanged 
2024-09-20T12:17:11.531 [http-nio-8080-exec-1] INFO o.a.c.c.C.[.[.[/] - Initializing Spring DispatcherServlet 'dispatcherServlet' 
2024-09-20T12:17:11.531 [http-nio-8080-exec-1] INFO o.s.w.s.DispatcherServlet - Initializing Servlet 'dispatcherServlet' 
2024-09-20T12:17:11.533 [http-nio-8080-exec-1] INFO o.s.w.s.DispatcherServlet - Completed initialization in 2 ms 
2024-09-20T12:17:11.535 [http-nio-8080-exec-1] INFO c.z.h.HikariDataSource - HikariPool-10 - Starting... 
2024-09-20T12:17:11.550 [http-nio-8080-exec-1] INFO c.z.h.p.HikariPool - HikariPool-10 - Added connection net.sf.log4jdbc.sql.jdbcapi.ConnectionSpy@8e15730 
2024-09-20T12:17:11.551 [http-nio-8080-exec-1] INFO c.z.h.HikariDataSource - HikariPool-10 - Start completed. 
2024-09-20T12:17:11.552 [http-nio-8080-exec-1] DEBUG j.sqltiming -  com.zaxxer.hikari.pool.ProxyPreparedStatement.execute(ProxyPreparedStatement.java:44)
91. SELECT
				a.usrSeq,
				a.usrXdmNy,
				a.usrName,
				a.usrId,
				a.usrPw,
				a.usrGender,
				a.usrBirth,
				a.usrEmail,
				a.usrPhone,
				a.usrGrade,
				a.usrRegDate,
				a.usrEditdate,
				a.usrTosNy,
				a.usrMktNy,
				a.usrDelNy
			FROM
				bears.B_user a
			WHERE 1 = 1
				AND a.usrSeq = 5
 {executed in 0 msec} 
2024-09-20T12:17:35.679 [http-nio-8080-exec-1] DEBUG j.sqltiming -  com.zaxxer.hikari.pool.ProxyPreparedStatement.execute(ProxyPreparedStatement.java:44)
91. UPDATE bears.B_user
			SET
				usrXdmNy = NULL,
				usrName = '테스트222',
				usrId =  '',
				usrPw = '',
				usrGender = NULL,
				usrBirth = NULL,
				usrEmail = '',
				usrPhone = '',
				usrGrade = NULL,
				usrTosNy = NULL,
				usrMktNy = NULL,
				usrDelNy = NULL
			WHERE 1 = 1
				AND usrSeq = 5
 {executed in 7 msec} 
2024-09-20T12:17:35.692 [http-nio-8080-exec-10] DEBUG j.sqltiming -  com.zaxxer.hikari.pool.ProxyPreparedStatement.execute(ProxyPreparedStatement.java:44)
91. SELECT
				a.usrSeq,
				a.usrXdmNy,
				a.usrName,
				a.usrId,
				a.usrPw,
				a.usrGender,
				a.usrBirth,
				a.usrEmail,
				a.usrPhone,
				a.usrGrade,
				a.usrRegDate,
				a.usrEditdate,
				a.usrTosNy,
				a.usrMktNy,
				a.usrDelNy
			FROM
				bears.B_user a
			ORDER BY
				a.usrSeq DESC
 {executed in 0 msec} 
2024-09-20T12:17:38.233 [http-nio-8080-exec-10] DEBUG j.sqltiming -  com.zaxxer.hikari.pool.ProxyPreparedStatement.execute(ProxyPreparedStatement.java:44)
91. SELECT
				a.usrSeq,
				a.usrXdmNy,
				a.usrName,
				a.usrId,
				a.usrPw,
				a.usrGender,
				a.usrBirth,
				a.usrEmail,
				a.usrPhone,
				a.usrGrade,
				a.usrRegDate,
				a.usrEditdate,
				a.usrTosNy,
				a.usrMktNy,
				a.usrDelNy
			FROM
				bears.B_user a
			WHERE 1 = 1
				AND a.usrSeq = 5
 {executed in 0 msec} 
2024-09-20T12:18:22.945 [http-nio-8080-exec-7] DEBUG j.sqltiming -  com.zaxxer.hikari.pool.ProxyPreparedStatement.execute(ProxyPreparedStatement.java:44)
91. SELECT
				a.usrSeq,
				a.usrXdmNy,
				a.usrName,
				a.usrId,
				a.usrPw,
				a.usrGender,
				a.usrBirth,
				a.usrEmail,
				a.usrPhone,
				a.usrGrade,
				a.usrRegDate,
				a.usrEditdate,
				a.usrTosNy,
				a.usrMktNy,
				a.usrDelNy
			FROM
				bears.B_user a
			WHERE 1 = 1
				AND a.usrSeq = 5
 {executed in 1 msec} 
2024-09-20T12:18:25.598 [http-nio-8080-exec-1] DEBUG j.sqltiming -  com.zaxxer.hikari.pool.ProxyPreparedStatement.execute(ProxyPreparedStatement.java:44)
91. DELETE FROM bears.B_user
			WHERE 1 = 1
				AND usrSeq = 5
 {executed in 17 msec} 
2024-09-20T12:18:25.605 [http-nio-8080-exec-8] DEBUG j.sqltiming -  com.zaxxer.hikari.pool.ProxyPreparedStatement.execute(ProxyPreparedStatement.java:44)
91. SELECT
				a.usrSeq,
				a.usrXdmNy,
				a.usrName,
				a.usrId,
				a.usrPw,
				a.usrGender,
				a.usrBirth,
				a.usrEmail,
				a.usrPhone,
				a.usrGrade,
				a.usrRegDate,
				a.usrEditdate,
				a.usrTosNy,
				a.usrMktNy,
				a.usrDelNy
			FROM
				bears.B_user a
			ORDER BY
				a.usrSeq DESC
 {executed in 1 msec} 
2024-09-20T12:19:39.190 [http-nio-8080-exec-1] DEBUG j.sqltiming -  com.zaxxer.hikari.pool.ProxyPreparedStatement.execute(ProxyPreparedStatement.java:44)
91. SELECT
				a.usrSeq,
				a.usrXdmNy,
				a.usrName,
				a.usrId,
				a.usrPw,
				a.usrGender,
				a.usrBirth,
				a.usrEmail,
				a.usrPhone,
				a.usrGrade,
				a.usrRegDate,
				a.usrEditdate,
				a.usrTosNy,
				a.usrMktNy,
				a.usrDelNy
			FROM
				bears.B_user a
			ORDER BY
				a.usrSeq DESC
 {executed in 0 msec} 
2024-09-20T12:19:40.825 [http-nio-8080-exec-8] DEBUG j.sqltiming -  com.zaxxer.hikari.pool.ProxyPreparedStatement.execute(ProxyPreparedStatement.java:44)
91. SELECT
				a.usrSeq,
				a.usrXdmNy,
				a.usrName,
				a.usrId,
				a.usrPw,
				a.usrGender,
				a.usrBirth,
				a.usrEmail,
				a.usrPhone,
				a.usrGrade,
				a.usrRegDate,
				a.usrEditdate,
				a.usrTosNy,
				a.usrMktNy,
				a.usrDelNy
			FROM
				bears.B_user a
			WHERE 1 = 1
				AND a.usrSeq = 4
 {executed in 1 msec} 
2024-09-20T12:19:43.202 [http-nio-8080-exec-4] DEBUG j.sqltiming -  com.zaxxer.hikari.pool.ProxyPreparedStatement.execute(ProxyPreparedStatement.java:44)
91. DELETE FROM bears.B_user
			WHERE 1 = 1
				AND usrSeq = 4
 {executed in 18 msec} 
2024-09-20T12:19:43.206 [http-nio-8080-exec-9] DEBUG j.sqltiming -  com.zaxxer.hikari.pool.ProxyPreparedStatement.execute(ProxyPreparedStatement.java:44)
91. SELECT
				a.usrSeq,
				a.usrXdmNy,
				a.usrName,
				a.usrId,
				a.usrPw,
				a.usrGender,
				a.usrBirth,
				a.usrEmail,
				a.usrPhone,
				a.usrGrade,
				a.usrRegDate,
				a.usrEditdate,
				a.usrTosNy,
				a.usrMktNy,
				a.usrDelNy
			FROM
				bears.B_user a
			ORDER BY
				a.usrSeq DESC
 {executed in 0 msec} 
2024-09-20T12:19:45.359 [http-nio-8080-exec-8] DEBUG j.sqltiming -  com.zaxxer.hikari.pool.ProxyPreparedStatement.execute(ProxyPreparedStatement.java:44)
91. SELECT
				a.usrSeq,
				a.usrXdmNy,
				a.usrName,
				a.usrId,
				a.usrPw,
				a.usrGender,
				a.usrBirth,
				a.usrEmail,
				a.usrPhone,
				a.usrGrade,
				a.usrRegDate,
				a.usrEditdate,
				a.usrTosNy,
				a.usrMktNy,
				a.usrDelNy
			FROM
				bears.B_user a
			WHERE 1 = 1
				AND a.usrSeq = 3
 {executed in 0 msec} 
2024-09-20T12:19:47.254 [http-nio-8080-exec-4] DEBUG j.sqltiming -  com.zaxxer.hikari.pool.ProxyPreparedStatement.execute(ProxyPreparedStatement.java:44)
91. DELETE FROM bears.B_user
			WHERE 1 = 1
				AND usrSeq = 3
 {executed in 21 msec} 
2024-09-20T12:19:47.259 [http-nio-8080-exec-3] DEBUG j.sqltiming -  com.zaxxer.hikari.pool.ProxyPreparedStatement.execute(ProxyPreparedStatement.java:44)
91. SELECT
				a.usrSeq,
				a.usrXdmNy,
				a.usrName,
				a.usrId,
				a.usrPw,
				a.usrGender,
				a.usrBirth,
				a.usrEmail,
				a.usrPhone,
				a.usrGrade,
				a.usrRegDate,
				a.usrEditdate,
				a.usrTosNy,
				a.usrMktNy,
				a.usrDelNy
			FROM
				bears.B_user a
			ORDER BY
				a.usrSeq DESC
 {executed in 0 msec} 
2024-09-20T12:20:55.760 [http-nio-8080-exec-5] WARN o.s.w.s.m.s.DefaultHandlerExceptionResolver - Resolved [org.springframework.web.bind.MethodArgumentNotValidException: Validation failed for argument [0] in public java.lang.String com.baseball.infra.user.UserController.userXdmInst(com.baseball.infra.user.UserDto): [Field error in object 'userDto' on field 'usrBirth': rejected value [19991023]; codes [typeMismatch.userDto.usrBirth,typeMismatch.usrBirth,typeMismatch.java.util.Date,typeMismatch]; arguments [org.springframework.context.support.DefaultMessageSourceResolvable: codes [userDto.usrBirth,usrBirth]; arguments []; default message [usrBirth]]; default message [Failed to convert property value of type 'java.lang.String' to required type 'java.util.Date' for property 'usrBirth'; Failed to convert from type [java.lang.String] to type [@org.springframework.format.annotation.DateTimeFormat java.util.Date] for value [19991023]]] ] 
2024-09-20T12:21:07.080 [http-nio-8080-exec-6] WARN o.s.w.s.m.s.DefaultHandlerExceptionResolver - Resolved [org.springframework.web.bind.MethodArgumentNotValidException: Validation failed for argument [0] in public java.lang.String com.baseball.infra.user.UserController.userXdmInst(com.baseball.infra.user.UserDto): [Field error in object 'userDto' on field 'usrBirth': rejected value [19991023]; codes [typeMismatch.userDto.usrBirth,typeMismatch.usrBirth,typeMismatch.java.util.Date,typeMismatch]; arguments [org.springframework.context.support.DefaultMessageSourceResolvable: codes [userDto.usrBirth,usrBirth]; arguments []; default message [usrBirth]]; default message [Failed to convert property value of type 'java.lang.String' to required type 'java.util.Date' for property 'usrBirth'; Failed to convert from type [java.lang.String] to type [@org.springframework.format.annotation.DateTimeFormat java.util.Date] for value [19991023]]] ] 
2024-09-20T12:21:38.397 [http-nio-8080-exec-7] DEBUG j.sqltiming -  com.zaxxer.hikari.pool.ProxyPreparedStatement.execute(ProxyPreparedStatement.java:44)
91. SELECT
				a.usrSeq,
				a.usrXdmNy,
				a.usrName,
				a.usrId,
				a.usrPw,
				a.usrGender,
				a.usrBirth,
				a.usrEmail,
				a.usrPhone,
				a.usrGrade,
				a.usrRegDate,
				a.usrEditdate,
				a.usrTosNy,
				a.usrMktNy,
				a.usrDelNy
			FROM
				bears.B_user a
			ORDER BY
				a.usrSeq DESC
 {executed in 0 msec} 
2024-09-20T12:22:51.808 [http-nio-8080-exec-8] DEBUG j.sqltiming -  com.zaxxer.hikari.pool.ProxyPreparedStatement.execute(ProxyPreparedStatement.java:44)
91. INSERT INTO B_user(
				usrXdmNy,
				usrName,
				usrId,
				usrPw,
				usrGender,
				usrBirth,
				usrEmail,
				usrPhone,
				usrGrade,
				usrRegDate,
				usrEditdate,
				usrTosNy,
				usrMktNy,
				usrDelNy
			) VALUES (
			    0,
			    '홍길동',
			    '동해번쩍',
			    '서해번쩍',
			    1,
			    '01/01/2000 00:00:00.000',
			    '홍길동@gmail.com',
			    '010-3333-4444',
			    3,
			    now(),
			    now(),
			    1,
			    1,
			    0
			)
 {executed in 6 msec} 
2024-09-20T12:22:51.818 [http-nio-8080-exec-4] DEBUG j.sqltiming -  com.zaxxer.hikari.pool.ProxyPreparedStatement.execute(ProxyPreparedStatement.java:44)
91. SELECT
				a.usrSeq,
				a.usrXdmNy,
				a.usrName,
				a.usrId,
				a.usrPw,
				a.usrGender,
				a.usrBirth,
				a.usrEmail,
				a.usrPhone,
				a.usrGrade,
				a.usrRegDate,
				a.usrEditdate,
				a.usrTosNy,
				a.usrMktNy,
				a.usrDelNy
			FROM
				bears.B_user a
			ORDER BY
				a.usrSeq DESC
 {executed in 0 msec} 
2024-09-20T12:23:18.489 [http-nio-8080-exec-4] DEBUG j.sqltiming -  com.zaxxer.hikari.pool.ProxyPreparedStatement.execute(ProxyPreparedStatement.java:44)
91. SELECT
				a.usrSeq,
				a.usrXdmNy,
				a.usrName,
				a.usrId,
				a.usrPw,
				a.usrGender,
				a.usrBirth,
				a.usrEmail,
				a.usrPhone,
				a.usrGrade,
				a.usrRegDate,
				a.usrEditdate,
				a.usrTosNy,
				a.usrMktNy,
				a.usrDelNy
			FROM
				bears.B_user a
			WHERE 1 = 1
				AND a.usrSeq = 6
 {executed in 1 msec} 
2024-09-20T12:23:35.942 [http-nio-8080-exec-10] DEBUG j.sqltiming -  com.zaxxer.hikari.pool.ProxyPreparedStatement.execute(ProxyPreparedStatement.java:44)
91. UPDATE bears.B_user
			SET
				usrXdmNy = NULL,
				usrName = '홍길동',
				usrId =  '동해번쩍',
				usrPw = '서해번쩍',
				usrGender = 1,
				usrBirth = '01/10/2000 00:00:00.000',
				usrEmail = '홍길동@gmail.com',
				usrPhone = '010-3333-4444',
				usrGrade = 3,
				usrTosNy = NULL,
				usrMktNy = NULL,
				usrDelNy = NULL
			WHERE 1 = 1
				AND usrSeq = 6
 {executed in 9 msec} 
2024-09-20T12:23:35.952 [http-nio-8080-exec-6] DEBUG j.sqltiming -  com.zaxxer.hikari.pool.ProxyPreparedStatement.execute(ProxyPreparedStatement.java:44)
91. SELECT
				a.usrSeq,
				a.usrXdmNy,
				a.usrName,
				a.usrId,
				a.usrPw,
				a.usrGender,
				a.usrBirth,
				a.usrEmail,
				a.usrPhone,
				a.usrGrade,
				a.usrRegDate,
				a.usrEditdate,
				a.usrTosNy,
				a.usrMktNy,
				a.usrDelNy
			FROM
				bears.B_user a
			ORDER BY
				a.usrSeq DESC
 {executed in 0 msec} 
2024-09-20T12:24:28.665 [http-nio-8080-exec-4] DEBUG j.sqltiming -  com.zaxxer.hikari.pool.ProxyPreparedStatement.execute(ProxyPreparedStatement.java:44)
91. SELECT
				a.usrSeq,
				a.usrXdmNy,
				a.usrName,
				a.usrId,
				a.usrPw,
				a.usrGender,
				a.usrBirth,
				a.usrEmail,
				a.usrPhone,
				a.usrGrade,
				a.usrRegDate,
				a.usrEditdate,
				a.usrTosNy,
				a.usrMktNy,
				a.usrDelNy
			FROM
				bears.B_user a
			ORDER BY
				a.usrSeq DESC
 {executed in 1 msec} 
2024-09-20T12:24:29.978 [http-nio-8080-exec-7] DEBUG j.sqltiming -  com.zaxxer.hikari.pool.ProxyPreparedStatement.execute(ProxyPreparedStatement.java:44)
91. SELECT
				a.ifcgSeq,
				a.ifcgName,
				a.ifcgUseNy,
				a.ifcgOrder,
				a.ifcgDesc,
			    a.ifcgDelNy,
			    a.ifcgRegist,
			    a.ifcgEdit,
			    (SELECT count(ifcdSeq) FROM B_code AS b WHERE 1 = 1 AND b.B_codegroup_ifcgSeq = a.ifcgSeq) AS xifcdSeqCount
			FROM 
				bears.B_codegroup a
			WHERE 1 = 1

			ORDER BY
				a.ifcgSeq desc
 {executed in 0 msec} 
2024-09-20T12:24:33.320 [http-nio-8080-exec-5] DEBUG j.sqltiming -  com.zaxxer.hikari.pool.ProxyPreparedStatement.execute(ProxyPreparedStatement.java:44)
91. SELECT
				a.ifcgSeq,
				a.ifcgName,
				a.ifcgUseNy,
				a.ifcgOrder,
				a.ifcgDesc,
			    a.ifcgDelNy,
			    a.ifcgRegist,
			    a.ifcgEdit
			FROM 
				bears.B_codegroup a
			WHERE 1=1
				AND a.ifcgSeq = '5'
 {executed in 0 msec} 
2024-09-20T12:24:39.873 [http-nio-8080-exec-5] DEBUG j.sqltiming -  com.zaxxer.hikari.pool.ProxyPreparedStatement.execute(ProxyPreparedStatement.java:44)
91. SELECT
				a.ifcgSeq,
				a.ifcgName,
				a.ifcgUseNy,
				a.ifcgOrder,
				a.ifcgDesc,
			    a.ifcgDelNy,
			    a.ifcgRegist,
			    a.ifcgEdit,
			    (SELECT count(ifcdSeq) FROM B_code AS b WHERE 1 = 1 AND b.B_codegroup_ifcgSeq = a.ifcgSeq) AS xifcdSeqCount
			FROM 
				bears.B_codegroup a
			WHERE 1 = 1

			ORDER BY
				a.ifcgSeq desc
 {executed in 0 msec} 
2024-09-20T12:24:41.452 [http-nio-8080-exec-1] DEBUG j.sqltiming -  com.zaxxer.hikari.pool.ProxyPreparedStatement.execute(ProxyPreparedStatement.java:44)
91. SELECT
				a.ifcgSeq,
				a.ifcgName,
				a.ifcgUseNy,
				a.ifcgOrder,
				a.ifcgDesc,
			    a.ifcgDelNy,
			    a.ifcgRegist,
			    a.ifcgEdit
			FROM 
				bears.B_codegroup a
			WHERE 1=1
				AND a.ifcgSeq = '5'
 {executed in 0 msec} 
2024-09-20T12:24:55.745 [http-nio-8080-exec-6] DEBUG j.sqltiming -  com.zaxxer.hikari.pool.ProxyPreparedStatement.execute(ProxyPreparedStatement.java:44)
91. UPDATE bears.B_codegroup
	  		SET
	  			ifcgName = '테스트22',
				ifcgUseNy = 0,
				ifcgOrder = 5,
				ifcgDesc = '테스트22설명수정
수정날짜 체크',
			    ifcgDelNy = NULL,
			    ifcgEdit = now()
			WHERE 1 = 1
				AND ifcgSeq = '5'
 {executed in 3 msec} 
2024-09-20T12:24:55.756 [http-nio-8080-exec-7] DEBUG j.sqltiming -  com.zaxxer.hikari.pool.ProxyPreparedStatement.execute(ProxyPreparedStatement.java:44)
91. SELECT
				a.ifcgSeq,
				a.ifcgName,
				a.ifcgUseNy,
				a.ifcgOrder,
				a.ifcgDesc,
			    a.ifcgDelNy,
			    a.ifcgRegist,
			    a.ifcgEdit,
			    (SELECT count(ifcdSeq) FROM B_code AS b WHERE 1 = 1 AND b.B_codegroup_ifcgSeq = a.ifcgSeq) AS xifcdSeqCount
			FROM 
				bears.B_codegroup a
			WHERE 1 = 1

			ORDER BY
				a.ifcgSeq desc
 {executed in 1 msec} 
2024-09-20T12:25:07.638 [http-nio-8080-exec-8] DEBUG j.sqltiming -  com.zaxxer.hikari.pool.ProxyPreparedStatement.execute(ProxyPreparedStatement.java:44)
91. SELECT
				a.usrSeq,
				a.usrXdmNy,
				a.usrName,
				a.usrId,
				a.usrPw,
				a.usrGender,
				a.usrBirth,
				a.usrEmail,
				a.usrPhone,
				a.usrGrade,
				a.usrRegDate,
				a.usrEditdate,
				a.usrTosNy,
				a.usrMktNy,
				a.usrDelNy
			FROM
				bears.B_user a
			ORDER BY
				a.usrSeq DESC
 {executed in 0 msec} 
2024-09-20T12:25:12.048 [http-nio-8080-exec-10] DEBUG j.sqltiming -  com.zaxxer.hikari.pool.ProxyPreparedStatement.execute(ProxyPreparedStatement.java:44)
91. SELECT
				a.usrSeq,
				a.usrXdmNy,
				a.usrName,
				a.usrId,
				a.usrPw,
				a.usrGender,
				a.usrBirth,
				a.usrEmail,
				a.usrPhone,
				a.usrGrade,
				a.usrRegDate,
				a.usrEditdate,
				a.usrTosNy,
				a.usrMktNy,
				a.usrDelNy
			FROM
				bears.B_user a
			WHERE 1 = 1
				AND a.usrSeq = 6
 {executed in 0 msec} 
2024-09-20T12:25:22.499 [http-nio-8080-exec-1] DEBUG j.sqltiming -  com.zaxxer.hikari.pool.ProxyPreparedStatement.execute(ProxyPreparedStatement.java:44)
91. UPDATE bears.B_user
			SET
				usrXdmNy = NULL,
				usrName = '홍길동수정',
				usrId =  '동해번쩍',
				usrPw = '서해번쩍',
				usrGender = 1,
				usrBirth = '01/10/2000 00:00:00.000',
				usrEmail = '홍길동@gmail.com',
				usrPhone = '010-3333-4444',
				usrGrade = 3,
				usrTosNy = NULL,
				usrMktNy = NULL,
				usrDelNy = NULL
			WHERE 1 = 1
				AND usrSeq = 6
 {executed in 8 msec} 
2024-09-20T12:25:22.507 [http-nio-8080-exec-9] DEBUG j.sqltiming -  com.zaxxer.hikari.pool.ProxyPreparedStatement.execute(ProxyPreparedStatement.java:44)
91. SELECT
				a.usrSeq,
				a.usrXdmNy,
				a.usrName,
				a.usrId,
				a.usrPw,
				a.usrGender,
				a.usrBirth,
				a.usrEmail,
				a.usrPhone,
				a.usrGrade,
				a.usrRegDate,
				a.usrEditdate,
				a.usrTosNy,
				a.usrMktNy,
				a.usrDelNy
			FROM
				bears.B_user a
			ORDER BY
				a.usrSeq DESC
 {executed in 1 msec} 
2024-09-20T12:26:17.560 [File Watcher] INFO o.s.b.d.a.LocalDevToolsAutoConfiguration$RestartingClassPathChangeChangedEventListener - Restarting due to 1 class path change (0 additions, 0 deletions, 1 modification) 
2024-09-20T12:26:17.561 [Thread-71] INFO o.a.c.h.Http11NioProtocol - Stopping ProtocolHandler ["http-nio-8080"] 
2024-09-20T12:26:17.663 [Thread-71] INFO c.z.h.HikariDataSource - HikariPool-10 - Shutdown initiated... 
2024-09-20T12:26:17.667 [Thread-71] INFO c.z.h.HikariDataSource - HikariPool-10 - Shutdown completed. 
2024-09-20T12:26:17.730 [restartedMain] INFO c.b.BearsApplication - Starting BearsApplication using Java 17.0.11 with PID 9420 (C:\factory\ws_sts4_4240\repo_bears\bears\bin\main started by user in C:\factory\ws_sts4_4240\repo_bears\bears) 
2024-09-20T12:26:17.730 [restartedMain] INFO c.b.BearsApplication - No active profile set, falling back to 1 default profile: "default" 
2024-09-20T12:26:17.916 [restartedMain] INFO o.s.b.w.e.t.TomcatWebServer - Tomcat initialized with port 8080 (http) 
2024-09-20T12:26:17.917 [restartedMain] INFO o.a.c.h.Http11NioProtocol - Initializing ProtocolHandler ["http-nio-8080"] 
2024-09-20T12:26:17.917 [restartedMain] INFO o.a.c.c.StandardService - Starting service [Tomcat] 
2024-09-20T12:26:17.917 [restartedMain] INFO o.a.c.c.StandardEngine - Starting Servlet engine: [Apache Tomcat/10.1.28] 
2024-09-20T12:26:17.926 [restartedMain] INFO o.a.c.c.C.[.[.[/] - Initializing Spring embedded WebApplicationContext 
2024-09-20T12:26:17.926 [restartedMain] INFO o.s.b.w.s.c.ServletWebServerApplicationContext - Root WebApplicationContext: initialization completed in 195 ms 
2024-09-20T12:26:18.041 [restartedMain] INFO o.s.b.d.a.OptionalLiveReloadServer - LiveReload server is running on port 35729 
2024-09-20T12:26:18.046 [restartedMain] INFO o.a.c.h.Http11NioProtocol - Starting ProtocolHandler ["http-nio-8080"] 
2024-09-20T12:26:18.048 [restartedMain] INFO o.s.b.w.e.t.TomcatWebServer - Tomcat started on port 8080 (http) with context path '/' 
2024-09-20T12:26:18.054 [restartedMain] INFO c.b.BearsApplication - Started BearsApplication in 0.343 seconds (process running for 11009.791) 
2024-09-20T12:26:18.056 [restartedMain] INFO o.s.b.d.a.ConditionEvaluationDeltaLoggingListener - Condition evaluation unchanged 
2024-09-20T12:26:19.502 [http-nio-8080-exec-2] INFO o.a.c.c.C.[.[.[/] - Initializing Spring DispatcherServlet 'dispatcherServlet' 
2024-09-20T12:26:19.503 [http-nio-8080-exec-2] INFO o.s.w.s.DispatcherServlet - Initializing Servlet 'dispatcherServlet' 
2024-09-20T12:26:19.503 [http-nio-8080-exec-2] INFO o.s.w.s.DispatcherServlet - Completed initialization in 0 ms 
2024-09-20T12:26:19.507 [http-nio-8080-exec-2] INFO c.z.h.HikariDataSource - HikariPool-11 - Starting... 
2024-09-20T12:26:19.525 [http-nio-8080-exec-2] INFO c.z.h.p.HikariPool - HikariPool-11 - Added connection net.sf.log4jdbc.sql.jdbcapi.ConnectionSpy@230102a7 
2024-09-20T12:26:19.526 [http-nio-8080-exec-2] INFO c.z.h.HikariDataSource - HikariPool-11 - Start completed. 
2024-09-20T12:26:19.527 [http-nio-8080-exec-2] DEBUG j.sqltiming -  com.zaxxer.hikari.pool.ProxyPreparedStatement.execute(ProxyPreparedStatement.java:44)
101. SELECT
				a.usrSeq,
				a.usrXdmNy,
				a.usrName,
				a.usrId,
				a.usrPw,
				a.usrGender,
				a.usrBirth,
				a.usrEmail,
				a.usrPhone,
				a.usrGrade,
				a.usrRegDate,
				a.usrEditdate,
				a.usrTosNy,
				a.usrMktNy,
				a.usrDelNy
			FROM
				bears.B_user a
			WHERE 1 = 1
				AND a.usrSeq = 6
 {executed in 1 msec} 
2024-09-20T12:26:30.132 [http-nio-8080-exec-6] DEBUG j.sqltiming -  com.zaxxer.hikari.pool.ProxyPreparedStatement.execute(ProxyPreparedStatement.java:44)
101. UPDATE bears.B_user
			SET
				usrXdmNy = NULL,
				usrName = '홍길동',
				usrId =  '동해번쩍',
				usrPw = '서해번쩍',
				usrGender = 1,
				usrBirth = '01/10/2000 00:00:00.000',
				usrEmail = '홍길동@gmail.com',
				usrPhone = '010-3333-4444',
				usrGrade = 3,
				usrTosNy = NULL,
				usrMktNy = NULL,
				usrEditdate = now(),
				usrDelNy = NULL
			WHERE 1 = 1
				AND usrSeq = 6
 {executed in 3 msec} 
2024-09-20T12:26:30.146 [http-nio-8080-exec-3] DEBUG j.sqltiming -  com.zaxxer.hikari.pool.ProxyPreparedStatement.execute(ProxyPreparedStatement.java:44)
101. SELECT
				a.usrSeq,
				a.usrXdmNy,
				a.usrName,
				a.usrId,
				a.usrPw,
				a.usrGender,
				a.usrBirth,
				a.usrEmail,
				a.usrPhone,
				a.usrGrade,
				a.usrRegDate,
				a.usrEditdate,
				a.usrTosNy,
				a.usrMktNy,
				a.usrDelNy
			FROM
				bears.B_user a
			ORDER BY
				a.usrSeq DESC
 {executed in 8 msec} 
2024-09-20T12:27:58.657 [http-nio-8080-exec-7] DEBUG j.sqltiming -  com.zaxxer.hikari.pool.ProxyPreparedStatement.execute(ProxyPreparedStatement.java:44)
101. SELECT
				a.usrSeq,
				a.usrXdmNy,
				a.usrName,
				a.usrId,
				a.usrPw,
				a.usrGender,
				a.usrBirth,
				a.usrEmail,
				a.usrPhone,
				a.usrGrade,
				a.usrRegDate,
				a.usrEditdate,
				a.usrTosNy,
				a.usrMktNy,
				a.usrDelNy
			FROM
				bears.B_user a
			ORDER BY
				a.usrSeq DESC
 {executed in 1 msec} 
2024-09-20T12:28:09.592 [http-nio-8080-exec-2] DEBUG j.sqltiming -  com.zaxxer.hikari.pool.ProxyPreparedStatement.execute(ProxyPreparedStatement.java:44)
101. SELECT
				a.usrSeq,
				a.usrXdmNy,
				a.usrName,
				a.usrId,
				a.usrPw,
				a.usrGender,
				a.usrBirth,
				a.usrEmail,
				a.usrPhone,
				a.usrGrade,
				a.usrRegDate,
				a.usrEditdate,
				a.usrTosNy,
				a.usrMktNy,
				a.usrDelNy
			FROM
				bears.B_user a
			ORDER BY
				a.usrSeq DESC
 {executed in 1 msec} 
2024-09-20T12:29:17.868 [http-nio-8080-exec-2] DEBUG j.sqltiming -  com.zaxxer.hikari.pool.ProxyPreparedStatement.execute(ProxyPreparedStatement.java:44)
101. SELECT
				a.usrSeq,
				a.usrXdmNy,
				a.usrName,
				a.usrId,
				a.usrPw,
				a.usrGender,
				a.usrBirth,
				a.usrEmail,
				a.usrPhone,
				a.usrGrade,
				a.usrRegDate,
				a.usrEditdate,
				a.usrTosNy,
				a.usrMktNy,
				a.usrDelNy
			FROM
				bears.B_user a
			ORDER BY
				a.usrSeq DESC
 {executed in 0 msec} 
2024-09-20T12:47:49.573 [File Watcher] INFO o.s.b.d.a.LocalDevToolsAutoConfiguration$RestartingClassPathChangeChangedEventListener - Restarting due to 1 class path change (0 additions, 0 deletions, 1 modification) 
2024-09-20T12:47:49.574 [Thread-75] INFO o.a.c.h.Http11NioProtocol - Stopping ProtocolHandler ["http-nio-8080"] 
2024-09-20T12:47:49.649 [Thread-75] INFO c.z.h.HikariDataSource - HikariPool-11 - Shutdown initiated... 
2024-09-20T12:47:49.651 [Thread-75] INFO c.z.h.HikariDataSource - HikariPool-11 - Shutdown completed. 
2024-09-20T12:47:49.710 [restartedMain] INFO c.b.BearsApplication - Starting BearsApplication using Java 17.0.11 with PID 9420 (C:\factory\ws_sts4_4240\repo_bears\bears\bin\main started by user in C:\factory\ws_sts4_4240\repo_bears\bears) 
2024-09-20T12:47:49.710 [restartedMain] INFO c.b.BearsApplication - No active profile set, falling back to 1 default profile: "default" 
2024-09-20T12:47:49.842 [restartedMain] INFO o.s.b.w.e.t.TomcatWebServer - Tomcat initialized with port 8080 (http) 
2024-09-20T12:47:49.843 [restartedMain] INFO o.a.c.h.Http11NioProtocol - Initializing ProtocolHandler ["http-nio-8080"] 
2024-09-20T12:47:49.843 [restartedMain] INFO o.a.c.c.StandardService - Starting service [Tomcat] 
2024-09-20T12:47:49.843 [restartedMain] INFO o.a.c.c.StandardEngine - Starting Servlet engine: [Apache Tomcat/10.1.28] 
2024-09-20T12:47:49.850 [restartedMain] INFO o.a.c.c.C.[.[.[/] - Initializing Spring embedded WebApplicationContext 
2024-09-20T12:47:49.850 [restartedMain] INFO o.s.b.w.s.c.ServletWebServerApplicationContext - Root WebApplicationContext: initialization completed in 140 ms 
2024-09-20T12:47:49.955 [restartedMain] INFO o.s.b.d.a.OptionalLiveReloadServer - LiveReload server is running on port 35729 
2024-09-20T12:47:49.959 [restartedMain] INFO o.a.c.h.Http11NioProtocol - Starting ProtocolHandler ["http-nio-8080"] 
2024-09-20T12:47:49.961 [restartedMain] INFO o.s.b.w.e.t.TomcatWebServer - Tomcat started on port 8080 (http) with context path '/' 
2024-09-20T12:47:49.968 [restartedMain] INFO c.b.BearsApplication - Started BearsApplication in 0.274 seconds (process running for 12301.705) 
2024-09-20T12:47:49.968 [restartedMain] INFO o.s.b.d.a.ConditionEvaluationDeltaLoggingListener - Condition evaluation unchanged 
